{"numFailedTestSuites":0,"numFailedTests":0,"numPassedTestSuites":55,"numPassedTests":513,"numPendingTestSuites":0,"numPendingTests":0,"numRuntimeErrorTestSuites":0,"numTodoTests":0,"numTotalTestSuites":55,"numTotalTests":513,"openHandles":[],"snapshot":{"added":0,"didUpdate":false,"failure":false,"filesAdded":0,"filesRemoved":0,"filesRemovedList":[],"filesUnmatched":0,"filesUpdated":0,"matched":0,"total":0,"unchecked":0,"uncheckedKeysByFile":[],"unmatched":0,"updated":0},"startTime":1583772668181,"success":true,"testResults":[{"assertionResults":[{"ancestorTitles":["SprkTable:"],"failureMessages":[],"fullName":"SprkTable: should display a div element with the correct base class","location":null,"status":"passed","title":"should display a div element with the correct base class"},{"ancestorTitles":["SprkTable:"],"failureMessages":[],"fullName":"SprkTable: should display a table element with the correct base class","location":null,"status":"passed","title":"should display a table element with the correct base class"},{"ancestorTitles":["SprkTable:"],"failureMessages":[],"fullName":"SprkTable: should display a table element with the correct classes if additionalTableClasses has a value","location":null,"status":"passed","title":"should display a table element with the correct classes if additionalTableClasses has a value"},{"ancestorTitles":["SprkTable:"],"failureMessages":[],"fullName":"SprkTable: should display a div element with the correct data-id if idString has a value","location":null,"status":"passed","title":"should display a div element with the correct data-id if idString has a value"},{"ancestorTitles":["SprkTable:"],"failureMessages":[],"fullName":"SprkTable: should display a div element with the correct classes if additionalContainerClasses has a value","location":null,"status":"passed","title":"should display a div element with the correct classes if additionalContainerClasses has a value"},{"ancestorTitles":["SprkTable:"],"failureMessages":[],"fullName":"SprkTable: should display a table element with the correct classes if the variant issecondary","location":null,"status":"passed","title":"should display a table element with the correct classes if the variant issecondary"},{"ancestorTitles":["SprkTable:"],"failureMessages":[],"fullName":"SprkTable: should display a table element with the correct classes if the variant is grouped","location":null,"status":"passed","title":"should display a table element with the correct classes if the variant is grouped"},{"ancestorTitles":["SprkTable:"],"failureMessages":[],"fullName":"SprkTable: should display a table element with the correct classes if the variant is rowComparison","location":null,"status":"passed","title":"should display a table element with the correct classes if the variant is rowComparison"},{"ancestorTitles":["SprkTable:"],"failureMessages":[],"fullName":"SprkTable: should display a table element with the correct classes if the variant is secondaryRowComparison","location":null,"status":"passed","title":"should display a table element with the correct classes if the variant is secondaryRowComparison"},{"ancestorTitles":["SprkTable:"],"failureMessages":[],"fullName":"SprkTable: should display a thead element with the correct class if the variant is default","location":null,"status":"passed","title":"should display a thead element with the correct class if the variant is default"},{"ancestorTitles":["SprkTable:"],"failureMessages":[],"fullName":"SprkTable: should display a thead element with the correct class if the variant is secondary","location":null,"status":"passed","title":"should display a thead element with the correct class if the variant is secondary"},{"ancestorTitles":["SprkTable:"],"failureMessages":[],"fullName":"SprkTable: should display a thead element with the correct class if the variant is grouped","location":null,"status":"passed","title":"should display a thead element with the correct class if the variant is grouped"},{"ancestorTitles":["SprkTable:"],"failureMessages":[],"fullName":"SprkTable: should display a thead element with the correct class if the variant is rowComparison","location":null,"status":"passed","title":"should display a thead element with the correct class if the variant is rowComparison"},{"ancestorTitles":["SprkTable:"],"failureMessages":[],"fullName":"SprkTable: should display one tr element in the thead element if columns are present","location":null,"status":"passed","title":"should display one tr element in the thead element if columns are present"},{"ancestorTitles":["SprkTable:"],"failureMessages":[],"fullName":"SprkTable: should display multiple tr elements in the thead element if columns are present and the variant is grouped","location":null,"status":"passed","title":"should display multiple tr elements in the thead element if columns are present and the variant is grouped"},{"ancestorTitles":["SprkTable:"],"failureMessages":[],"fullName":"SprkTable: should display multiple tr elements in the tbody element if rows is present and the variant is grouped","location":null,"status":"passed","title":"should display multiple tr elements in the tbody element if rows is present and the variant is grouped"},{"ancestorTitles":["SprkTable:"],"failureMessages":[],"fullName":"SprkTable: should display a tbody element when rows prop is not undefined","location":null,"status":"passed","title":"should display a tbody element when rows prop is not undefined"},{"ancestorTitles":["SprkTable:"],"failureMessages":[],"fullName":"SprkTable: should display a th with the correct class when the variant is rowComparison and columns is not undefined","location":null,"status":"passed","title":"should display a th with the correct class when the variant is rowComparison and columns is not undefined"},{"ancestorTitles":["SprkTable:"],"failureMessages":[],"fullName":"SprkTable: should not display a thead element if the variant is secondaryRowComparison","location":null,"status":"passed","title":"should not display a thead element if the variant is secondaryRowComparison"},{"ancestorTitles":["SprkTable:"],"failureMessages":[],"fullName":"SprkTable: should render the appropriate number of td elements based on the columns prop","location":null,"status":"passed","title":"should render the appropriate number of td elements based on the columns prop"},{"ancestorTitles":["SprkTable:"],"failureMessages":[],"fullName":"SprkTable: should not render a tr element if the columns prop is not provided","location":null,"status":"passed","title":"should not render a tr element if the columns prop is not provided"},{"ancestorTitles":["SprkTable:"],"failureMessages":[],"fullName":"SprkTable: should not render a tr element if the rows prop is not provided","location":null,"status":"passed","title":"should not render a tr element if the rows prop is not provided"},{"ancestorTitles":["SprkTable:"],"failureMessages":[],"fullName":"SprkTable: should render the appropriate number of td elements based on the rows prop","location":null,"status":"passed","title":"should render the appropriate number of td elements based on the rows prop"},{"ancestorTitles":["SprkTable:"],"failureMessages":[],"fullName":"SprkTable: should render the appropriate number of tr elements in the tbody based on the rows prop","location":null,"status":"passed","title":"should render the appropriate number of tr elements in the tbody based on the rows prop"},{"ancestorTitles":["SprkTable:"],"failureMessages":[],"fullName":"SprkTable: should render a buttons if the button is passed in the rows prop and is variant secondaryRowComparison","location":null,"status":"passed","title":"should render a buttons if the button is passed in the rows prop and is variant secondaryRowComparison"},{"ancestorTitles":["SprkTable:"],"failureMessages":[],"fullName":"SprkTable: should render a appropriate number of th elements when rows is passed and variant is secondaryRowComparison","location":null,"status":"passed","title":"should render a appropriate number of th elements when rows is passed and variant is secondaryRowComparison"},{"ancestorTitles":["SprkTable:"],"failureMessages":[],"fullName":"SprkTable: should render div and table elements and children if variant is html","location":null,"status":"passed","title":"should render div and table elements and children if variant is html"}],"endTime":1583772688877,"message":"","name":"/Users/bwise/code/spark-design-system/react/src/base/tables/SprkTable.test.js","startTime":1583772675888,"status":"passed","summary":""},{"assertionResults":[{"ancestorTitles":["SprkMastheadSelector:"],"failureMessages":[],"fullName":"SprkMastheadSelector: should render a trigger with the correct classes","location":null,"status":"passed","title":"should render a trigger with the correct classes"},{"ancestorTitles":["SprkMastheadSelector:"],"failureMessages":[],"fullName":"SprkMastheadSelector: should render a footer if supplied with the choices","location":null,"status":"passed","title":"should render a footer if supplied with the choices"},{"ancestorTitles":["SprkMastheadSelector:"],"failureMessages":[],"fullName":"SprkMastheadSelector: should render the correct text if defaultTriggerText is defined","location":null,"status":"passed","title":"should render the correct text if defaultTriggerText is defined"},{"ancestorTitles":["SprkMastheadSelector:"],"failureMessages":[],"fullName":"SprkMastheadSelector: should add classes to the selector when additionalClasses has a value","location":null,"status":"passed","title":"should add classes to the selector when additionalClasses has a value"},{"ancestorTitles":["SprkMastheadSelector:"],"failureMessages":[],"fullName":"SprkMastheadSelector: should add classes to the icon when additionalIconClasses has a value","location":null,"status":"passed","title":"should add classes to the icon when additionalIconClasses has a value"},{"ancestorTitles":["SprkMastheadSelector:"],"failureMessages":[],"fullName":"SprkMastheadSelector: should add classes to the trigger when additionalTriggerClasses has a value","location":null,"status":"passed","title":"should add classes to the trigger when additionalTriggerClasses has a value"},{"ancestorTitles":["SprkMastheadSelector:"],"failureMessages":[],"fullName":"SprkMastheadSelector: should add classes to the trigger text when additionalTriggerTextClasses has a value","location":null,"status":"passed","title":"should add classes to the trigger text when additionalTriggerTextClasses has a value"},{"ancestorTitles":["SprkMastheadSelector:"],"failureMessages":[],"fullName":"SprkMastheadSelector: should assign data-analytics when analyticsString has a value","location":null,"status":"passed","title":"should assign data-analytics when analyticsString has a value"},{"ancestorTitles":["SprkMastheadSelector:"],"failureMessages":[],"fullName":"SprkMastheadSelector: should assign data-id when idString has a value","location":null,"status":"passed","title":"should assign data-id when idString has a value"},{"ancestorTitles":["SprkMastheadSelector:"],"failureMessages":[],"fullName":"SprkMastheadSelector: should build the correct number of choices from a choices object","location":null,"status":"passed","title":"should build the correct number of choices from a choices object"},{"ancestorTitles":["SprkMastheadSelector:"],"failureMessages":[],"fullName":"SprkMastheadSelector: should run the choiceFunction supplied with the list of choices (base)","location":null,"status":"passed","title":"should run the choiceFunction supplied with the list of choices (base)"},{"ancestorTitles":["SprkMastheadSelector:"],"failureMessages":[],"fullName":"SprkMastheadSelector: should run the choiceFunction supplied with the list of choices (informational)","location":null,"status":"passed","title":"should run the choiceFunction supplied with the list of choices (informational)"},{"ancestorTitles":["SprkMastheadSelector:"],"failureMessages":[],"fullName":"SprkMastheadSelector: should not error if the choiceFunction is supplied, but undefined with the list of choices (base)","location":null,"status":"passed","title":"should not error if the choiceFunction is supplied, but undefined with the list of choices (base)"},{"ancestorTitles":["SprkMastheadSelector:"],"failureMessages":[],"fullName":"SprkMastheadSelector: should not error if the choiceFunction is supplied, but undefined with the list of choices (informational)","location":null,"status":"passed","title":"should not error if the choiceFunction is supplied, but undefined with the list of choices (informational)"},{"ancestorTitles":["SprkMastheadSelector:"],"failureMessages":[],"fullName":"SprkMastheadSelector: should close the dropdown on click outside","location":null,"status":"passed","title":"should close the dropdown on click outside"},{"ancestorTitles":["SprkMastheadSelector:"],"failureMessages":[],"fullName":"SprkMastheadSelector: should close the dropdown on keydown (Escape)","location":null,"status":"passed","title":"should close the dropdown on keydown (Escape)"},{"ancestorTitles":["SprkMastheadSelector:"],"failureMessages":[],"fullName":"SprkMastheadSelector: should unmount without error","location":null,"status":"passed","title":"should unmount without error"},{"ancestorTitles":["SprkMastheadSelector:"],"failureMessages":[],"fullName":"SprkMastheadSelector: should render the choices with the element specified","location":null,"status":"passed","title":"should render the choices with the element specified"},{"ancestorTitles":["SprkMastheadSelector:"],"failureMessages":[],"fullName":"SprkMastheadSelector: should pass unused keys on choice items through to the dom","location":null,"status":"passed","title":"should pass unused keys on choice items through to the dom"}],"endTime":1583772689077,"message":"","name":"/Users/bwise/code/spark-design-system/react/src/components/masthead/components/SprkMastheadSelector/SprkMastheadSelector.test.js","startTime":1583772675888,"status":"passed","summary":""},{"assertionResults":[{"ancestorTitles":["SprkPromo:"],"failureMessages":[],"fullName":"SprkPromo: should display a promo element with the correct base class","location":null,"status":"passed","title":"should display a promo element with the correct base class"},{"ancestorTitles":["SprkPromo:"],"failureMessages":[],"fullName":"SprkPromo: should render with the border class when hasBorder is provided","location":null,"status":"passed","title":"should render with the border class when hasBorder is provided"},{"ancestorTitles":["SprkPromo:"],"failureMessages":[],"fullName":"SprkPromo: should render with additional classes when provided","location":null,"status":"passed","title":"should render with additional classes when provided"},{"ancestorTitles":["SprkPromo:"],"failureMessages":[],"fullName":"SprkPromo: should render with data-id when provided","location":null,"status":"passed","title":"should render with data-id when provided"},{"ancestorTitles":["SprkPromo:"],"failureMessages":[],"fullName":"SprkPromo: should render with additional attributes when provided","location":null,"status":"passed","title":"should render with additional attributes when provided"},{"ancestorTitles":["SprkPromo:"],"failureMessages":[],"fullName":"SprkPromo: should render with the flag class when isFlag is provided","location":null,"status":"passed","title":"should render with the flag class when isFlag is provided"},{"ancestorTitles":["SprkPromo:"],"failureMessages":[],"fullName":"SprkPromo: should render a flag image with passed in properties","location":null,"status":"passed","title":"should render a flag image with passed in properties"},{"ancestorTitles":["SprkPromo:"],"failureMessages":[],"fullName":"SprkPromo: should not render an image in the flag variant if no src is provided","location":null,"status":"passed","title":"should not render an image in the flag variant if no src is provided"},{"ancestorTitles":["SprkPromo:"],"failureMessages":[],"fullName":"SprkPromo: should render a link with the correct properties when isFlag is provided","location":null,"status":"passed","title":"should render a link with the correct properties when isFlag is provided"},{"ancestorTitles":["SprkPromo:"],"failureMessages":[],"fullName":"SprkPromo: should render a link with the correct classes when isFlag and additionalClassesImgLink are provided","location":null,"status":"passed","title":"should render a link with the correct classes when isFlag and additionalClassesImgLink are provided"},{"ancestorTitles":["SprkPromo:"],"failureMessages":[],"fullName":"SprkPromo: should render an image with passed in properties","location":null,"status":"passed","title":"should render an image with passed in properties"},{"ancestorTitles":["SprkPromo:"],"failureMessages":[],"fullName":"SprkPromo: should not render an image if no src is provided","location":null,"status":"passed","title":"should not render an image if no src is provided"},{"ancestorTitles":["SprkPromo:"],"failureMessages":[],"fullName":"SprkPromo: should render an image link with the correct properties","location":null,"status":"passed","title":"should render an image link with the correct properties"},{"ancestorTitles":["SprkPromo:"],"failureMessages":[],"fullName":"SprkPromo: should render a link with the correct classes when imgSrc and additionalClassesImgLink are provided","location":null,"status":"passed","title":"should render a link with the correct classes when imgSrc and additionalClassesImgLink are provided"},{"ancestorTitles":["SprkPromo:"],"failureMessages":[],"fullName":"SprkPromo: should render a link with the correct classes when additionalClassesImgLink are provided","location":null,"status":"passed","title":"should render a link with the correct classes when additionalClassesImgLink are provided"},{"ancestorTitles":["SprkPromo:"],"failureMessages":[],"fullName":"SprkPromo: should render a content div with the correct classes","location":null,"status":"passed","title":"should render a content div with the correct classes"},{"ancestorTitles":["SprkPromo:"],"failureMessages":[],"fullName":"SprkPromo: should render a content div with the correct classes in the flag variant","location":null,"status":"passed","title":"should render a content div with the correct classes in the flag variant"},{"ancestorTitles":["SprkPromo:"],"failureMessages":[],"fullName":"SprkPromo: should render a content div with the correct classes when an image is supplied","location":null,"status":"passed","title":"should render a content div with the correct classes when an image is supplied"},{"ancestorTitles":["SprkPromo:"],"failureMessages":[],"fullName":"SprkPromo: should render a title when provided","location":null,"status":"passed","title":"should render a title when provided"},{"ancestorTitles":["SprkPromo:"],"failureMessages":[],"fullName":"SprkPromo: should render a subtitle when provided","location":null,"status":"passed","title":"should render a subtitle when provided"},{"ancestorTitles":["SprkPromo:"],"failureMessages":[],"fullName":"SprkPromo: should render children content when provided","location":null,"status":"passed","title":"should render children content when provided"},{"ancestorTitles":["SprkPromo:"],"failureMessages":[],"fullName":"SprkPromo: should render a button when cta is set to button","location":null,"status":"passed","title":"should render a button when cta is set to button"},{"ancestorTitles":["SprkPromo:"],"failureMessages":[],"fullName":"SprkPromo: should not render a button if cta is not set","location":null,"status":"passed","title":"should not render a button if cta is not set"},{"ancestorTitles":["SprkPromo:"],"failureMessages":[],"fullName":"SprkPromo: should render a button cta with the correct properties","location":null,"status":"passed","title":"should render a button cta with the correct properties"},{"ancestorTitles":["SprkPromo:"],"failureMessages":[],"fullName":"SprkPromo: should render a link when cta is set to link","location":null,"status":"passed","title":"should render a link when cta is set to link"},{"ancestorTitles":["SprkPromo:"],"failureMessages":[],"fullName":"SprkPromo: should not render a link if cta is not set","location":null,"status":"passed","title":"should not render a link if cta is not set"},{"ancestorTitles":["SprkPromo:"],"failureMessages":[],"fullName":"SprkPromo: should render a link cta with the correct properties","location":null,"status":"passed","title":"should render a link cta with the correct properties"},{"ancestorTitles":["SprkPromo:"],"failureMessages":[],"fullName":"SprkPromo: should render a flag image with passed in properties in the reversed variant","location":null,"status":"passed","title":"should render a flag image with passed in properties in the reversed variant"},{"ancestorTitles":["SprkPromo:"],"failureMessages":[],"fullName":"SprkPromo: should not render an image in the reversed flag variant if no src is provided","location":null,"status":"passed","title":"should not render an image in the reversed flag variant if no src is provided"},{"ancestorTitles":["SprkPromo:"],"failureMessages":[],"fullName":"SprkPromo: should render a link with the correct properties in the reversed flag variant","location":null,"status":"passed","title":"should render a link with the correct properties in the reversed flag variant"},{"ancestorTitles":["SprkPromo:"],"failureMessages":[],"fullName":"SprkPromo: should render a link with the correct classes when isFlag and additionalClassesImgLink are provided","location":null,"status":"passed","title":"should render a link with the correct classes when isFlag and additionalClassesImgLink are provided"},{"ancestorTitles":["SprkPromo:"],"failureMessages":[],"fullName":"SprkPromo: should render an image with passed in properties in the reversed variant","location":null,"status":"passed","title":"should render an image with passed in properties in the reversed variant"},{"ancestorTitles":["SprkPromo:"],"failureMessages":[],"fullName":"SprkPromo: should not render an image in the reversed variant if no src is provided","location":null,"status":"passed","title":"should not render an image in the reversed variant if no src is provided"},{"ancestorTitles":["SprkPromo:"],"failureMessages":[],"fullName":"SprkPromo: should render an image link with the correct properties in the reversed variant","location":null,"status":"passed","title":"should render an image link with the correct properties in the reversed variant"},{"ancestorTitles":["SprkPromo:"],"failureMessages":[],"fullName":"SprkPromo: should render a link with the correct classes when imgSrc and additionalClassesImgLink are provided in the reversed variant","location":null,"status":"passed","title":"should render a link with the correct classes when imgSrc and additionalClassesImgLink are provided in the reversed variant"},{"ancestorTitles":["SprkPromo:"],"failureMessages":[],"fullName":"SprkPromo: should render with the image on the left if mediaRev is not provided","location":null,"status":"passed","title":"should render with the image on the left if mediaRev is not provided"},{"ancestorTitles":["SprkPromo:"],"failureMessages":[],"fullName":"SprkPromo: should render with the image on the right if mediaRev is provided","location":null,"status":"passed","title":"should render with the image on the right if mediaRev is provided"}],"endTime":1583772689144,"message":"","name":"/Users/bwise/code/spark-design-system/react/src/components/promo/SprkPromo.test.js","startTime":1583772675887,"status":"passed","summary":""},{"assertionResults":[{"ancestorTitles":["SprkDropdown:"],"failureMessages":[],"fullName":"SprkDropdown: should render a trigger with the correct classes","location":null,"status":"passed","title":"should render a trigger with the correct classes"},{"ancestorTitles":["SprkDropdown:"],"failureMessages":[],"fullName":"SprkDropdown: should render a footer if supplied with the choices","location":null,"status":"passed","title":"should render a footer if supplied with the choices"},{"ancestorTitles":["SprkDropdown:"],"failureMessages":[],"fullName":"SprkDropdown: should add classes to the dropdown when additionalClasses has a value","location":null,"status":"passed","title":"should add classes to the dropdown when additionalClasses has a value"},{"ancestorTitles":["SprkDropdown:"],"failureMessages":[],"fullName":"SprkDropdown: should add classes to the icon when additionalIconClasses has a value","location":null,"status":"passed","title":"should add classes to the icon when additionalIconClasses has a value"},{"ancestorTitles":["SprkDropdown:"],"failureMessages":[],"fullName":"SprkDropdown: should add classes to the trigger when additionalTriggerClasses has a value","location":null,"status":"passed","title":"should add classes to the trigger when additionalTriggerClasses has a value"},{"ancestorTitles":["SprkDropdown:"],"failureMessages":[],"fullName":"SprkDropdown: should add classes to the trigger text when additionalTriggerTextClasses has a value","location":null,"status":"passed","title":"should add classes to the trigger text when additionalTriggerTextClasses has a value"},{"ancestorTitles":["SprkDropdown:"],"failureMessages":[],"fullName":"SprkDropdown: should assign data-analytics when analyticsString has a value","location":null,"status":"passed","title":"should assign data-analytics when analyticsString has a value"},{"ancestorTitles":["SprkDropdown:"],"failureMessages":[],"fullName":"SprkDropdown: should assign data-id when idString has a value","location":null,"status":"passed","title":"should assign data-id when idString has a value"},{"ancestorTitles":["SprkDropdown:"],"failureMessages":[],"fullName":"SprkDropdown: should assign screen reader text to the trigger for base dropdowns","location":null,"status":"passed","title":"should assign screen reader text to the trigger for base dropdowns"},{"ancestorTitles":["SprkDropdown:"],"failureMessages":[],"fullName":"SprkDropdown: should assign the choices header when title has a value","location":null,"status":"passed","title":"should assign the choices header when title has a value"},{"ancestorTitles":["SprkDropdown:"],"failureMessages":[],"fullName":"SprkDropdown: should build the correct number of choices from a choices object","location":null,"status":"passed","title":"should build the correct number of choices from a choices object"},{"ancestorTitles":["SprkDropdown:"],"failureMessages":[],"fullName":"SprkDropdown: should run the choiceFunction supplied with the list of choices (base)","location":null,"status":"passed","title":"should run the choiceFunction supplied with the list of choices (base)"},{"ancestorTitles":["SprkDropdown:"],"failureMessages":[],"fullName":"SprkDropdown: should not error if choiceFunction is supplied but undefined (base)","location":null,"status":"passed","title":"should not error if choiceFunction is supplied but undefined (base)"},{"ancestorTitles":["SprkDropdown:"],"failureMessages":[],"fullName":"SprkDropdown: should run the choiceFunction supplied with the list of choices (informational)","location":null,"status":"passed","title":"should run the choiceFunction supplied with the list of choices (informational)"},{"ancestorTitles":["SprkDropdown:"],"failureMessages":[],"fullName":"SprkDropdown: should not error if choiceFunction is supplied but undefined (informational)","location":null,"status":"passed","title":"should not error if choiceFunction is supplied but undefined (informational)"},{"ancestorTitles":["SprkDropdown:"],"failureMessages":[],"fullName":"SprkDropdown: should close the dropdown on click outside","location":null,"status":"passed","title":"should close the dropdown on click outside"},{"ancestorTitles":["SprkDropdown:"],"failureMessages":[],"fullName":"SprkDropdown: should close the dropdown on keydown (Escape)","location":null,"status":"passed","title":"should close the dropdown on keydown (Escape)"},{"ancestorTitles":["SprkDropdown:"],"failureMessages":[],"fullName":"SprkDropdown: should unmount without error","location":null,"status":"passed","title":"should unmount without error"},{"ancestorTitles":["SprkDropdown:"],"failureMessages":[],"fullName":"SprkDropdown: should render the choices with the element specified","location":null,"status":"passed","title":"should render the choices with the element specified"},{"ancestorTitles":["SprkDropdown:"],"failureMessages":[],"fullName":"SprkDropdown: should pass unused keys on choice items through to the dom","location":null,"status":"passed","title":"should pass unused keys on choice items through to the dom"},{"ancestorTitles":["SprkDropdown:"],"failureMessages":[],"fullName":"SprkDropdown: should not set href if the supplied tagname is not a","location":null,"status":"passed","title":"should not set href if the supplied tagname is not a"},{"ancestorTitles":["SprkDropdown:"],"failureMessages":[],"fullName":"SprkDropdown: should choose correct aria-label text if defaultTriggerText is provided.","location":null,"status":"passed","title":"should choose correct aria-label text if defaultTriggerText is provided."},{"ancestorTitles":["SprkDropdown:"],"failureMessages":[],"fullName":"SprkDropdown: should apply default aria-label if defaultTriggerText is not provided.","location":null,"status":"passed","title":"should apply default aria-label if defaultTriggerText is not provided."},{"ancestorTitles":["SprkDropdown:"],"failureMessages":[],"fullName":"SprkDropdown: should default to correct aria-label if screenReaderText is provided.","location":null,"status":"passed","title":"should default to correct aria-label if screenReaderText is provided."},{"ancestorTitles":["SprkDropdown:"],"failureMessages":[],"fullName":"SprkDropdown: should default to correct aria-label if screenReaderText is not provided.","location":null,"status":"passed","title":"should default to correct aria-label if screenReaderText is not provided."},{"ancestorTitles":["SprkDropdown:"],"failureMessages":[],"fullName":"SprkDropdown: should apply aria-label to listbox when title is provided","location":null,"status":"passed","title":"should apply aria-label to listbox when title is provided"},{"ancestorTitles":["SprkDropdown:"],"failureMessages":[],"fullName":"SprkDropdown: should apply aria-label to listbox when there is no title but screenReaderText is provided","location":null,"status":"passed","title":"should apply aria-label to listbox when there is no title but screenReaderText is provided"},{"ancestorTitles":["SprkDropdown:"],"failureMessages":[],"fullName":"SprkDropdown: should apply default aria-label to listbox when neither title nor screenReaderText is provided","location":null,"status":"passed","title":"should apply default aria-label to listbox when neither title nor screenReaderText is provided"}],"endTime":1583772689215,"message":"","name":"/Users/bwise/code/spark-design-system/react/src/components/dropdown/SprkDropdown.test.js","startTime":1583772675888,"status":"passed","summary":""},{"assertionResults":[{"ancestorTitles":["SprkPagination:"],"failureMessages":[],"fullName":"SprkPagination: should display a pagination element with the correct base class","location":null,"status":"passed","title":"should display a pagination element with the correct base class"},{"ancestorTitles":["SprkPagination:"],"failureMessages":[],"fullName":"SprkPagination: should render with exactly two chevrons in any variant","location":null,"status":"passed","title":"should render with exactly two chevrons in any variant"},{"ancestorTitles":["SprkPagination:"],"failureMessages":[],"fullName":"SprkPagination: should calculate the correct number of pages in the default variant","location":null,"status":"passed","title":"should calculate the correct number of pages in the default variant"},{"ancestorTitles":["SprkPagination:"],"failureMessages":[],"fullName":"SprkPagination: applies current page correctly in the default variant","location":null,"status":"passed","title":"applies current page correctly in the default variant"},{"ancestorTitles":["SprkPagination:"],"failureMessages":[],"fullName":"SprkPagination: renders three numbered pages and no ellipses with 3 or fewer pages","location":null,"status":"passed","title":"renders three numbered pages and no ellipses with 3 or fewer pages"},{"ancestorTitles":["SprkPagination:"],"failureMessages":[],"fullName":"SprkPagination: renders ellipses with more than 3 pages","location":null,"status":"passed","title":"renders ellipses with more than 3 pages"},{"ancestorTitles":["SprkPagination:"],"failureMessages":[],"fullName":"SprkPagination: navigates back one page when you click the first chevron","location":null,"status":"passed","title":"navigates back one page when you click the first chevron"},{"ancestorTitles":["SprkPagination:"],"failureMessages":[],"fullName":"SprkPagination: navigates forward one page when you click the last chevron","location":null,"status":"passed","title":"navigates forward one page when you click the last chevron"},{"ancestorTitles":["SprkPagination:"],"failureMessages":[],"fullName":"SprkPagination: goes to hard-coded page 1 when you click 1","location":null,"status":"passed","title":"goes to hard-coded page 1 when you click 1"},{"ancestorTitles":["SprkPagination:"],"failureMessages":[],"fullName":"SprkPagination: goes to hard-coded page 2 when you click 2","location":null,"status":"passed","title":"goes to hard-coded page 2 when you click 2"},{"ancestorTitles":["SprkPagination:"],"failureMessages":[],"fullName":"SprkPagination: goes to hard-coded page 3 when you click 3","location":null,"status":"passed","title":"goes to hard-coded page 3 when you click 3"},{"ancestorTitles":["SprkPagination:"],"failureMessages":[],"fullName":"SprkPagination: goes to last page when you click last page","location":null,"status":"passed","title":"goes to last page when you click last page"},{"ancestorTitles":["SprkPagination:"],"failureMessages":[],"fullName":"SprkPagination: goes to page X when you click X","location":null,"status":"passed","title":"goes to page X when you click X"},{"ancestorTitles":["SprkPagination:"],"failureMessages":[],"fullName":"SprkPagination: should navigate to the last page when you click next on the last page","location":null,"status":"passed","title":"should navigate to the last page when you click next on the last page"},{"ancestorTitles":["SprkPagination:"],"failureMessages":[],"fullName":"SprkPagination: should navigate to the first page when you click prev on the first page","location":null,"status":"passed","title":"should navigate to the first page when you click prev on the first page"},{"ancestorTitles":["SprkPagination:"],"failureMessages":[],"fullName":"SprkPagination: should add analytics strings to page links","location":null,"status":"passed","title":"should add analytics strings to page links"},{"ancestorTitles":["SprkPagination:"],"failureMessages":[],"fullName":"SprkPagination: should render the correct prevIcon name if one is passed","location":null,"status":"passed","title":"should render the correct prevIcon name if one is passed"},{"ancestorTitles":["SprkPagination:"],"failureMessages":[],"fullName":"SprkPagination: should render the correct prevIcon name if one is not passed","location":null,"status":"passed","title":"should render the correct prevIcon name if one is not passed"},{"ancestorTitles":["SprkPagination:"],"failureMessages":[],"fullName":"SprkPagination: should render the correct nextIcon name if one is passed","location":null,"status":"passed","title":"should render the correct nextIcon name if one is passed"},{"ancestorTitles":["SprkPagination:"],"failureMessages":[],"fullName":"SprkPagination: should render the correct nextIcon name if one is not passed","location":null,"status":"passed","title":"should render the correct nextIcon name if one is not passed"}],"endTime":1583772689307,"message":"","name":"/Users/bwise/code/spark-design-system/react/src/components/pagination/SprkPagination.test.js","startTime":1583772675888,"status":"passed","summary":""},{"assertionResults":[{"ancestorTitles":["SprkSelectionInput:"],"failureMessages":[],"fullName":"SprkSelectionInput: should render an element with the correct class","location":null,"status":"passed","title":"should render an element with the correct class"},{"ancestorTitles":["SprkSelectionInput:"],"failureMessages":[],"fullName":"SprkSelectionInput: should add huge input class to container if variant is hugeSelect","location":null,"status":"passed","title":"should add huge input class to container if variant is hugeSelect"},{"ancestorTitles":["SprkSelectionInput:"],"failureMessages":[],"fullName":"SprkSelectionInput: should add floating label to huge select if it has a default value","location":null,"status":"passed","title":"should add floating label to huge select if it has a default value"},{"ancestorTitles":["SprkSelectionInput:"],"failureMessages":[],"fullName":"SprkSelectionInput: should add floating label to huge select if it has a value on change","location":null,"status":"passed","title":"should add floating label to huge select if it has a value on change"},{"ancestorTitles":["SprkSelectionInput:"],"failureMessages":[],"fullName":"SprkSelectionInput: should not add floating label to regular select if it has a value on change","location":null,"status":"passed","title":"should not add floating label to regular select if it has a value on change"},{"ancestorTitles":["SprkSelectionInput:"],"failureMessages":[],"fullName":"SprkSelectionInput: should not add floating label to huge select if has no value on load","location":null,"status":"passed","title":"should not add floating label to huge select if has no value on load"},{"ancestorTitles":["SprkSelectionInput:"],"failureMessages":[],"fullName":"SprkSelectionInput: should run the supplied onChange function for checkboxes","location":null,"status":"passed","title":"should run the supplied onChange function for checkboxes"},{"ancestorTitles":["SprkSelectionInput:"],"failureMessages":[],"fullName":"SprkSelectionInput: should run the supplied onChangeFunc function for checkboxes","location":null,"status":"passed","title":"should run the supplied onChangeFunc function for checkboxes"},{"ancestorTitles":["SprkSelectionInput:"],"failureMessages":[],"fullName":"SprkSelectionInput: should run the supplied onChange function for selects","location":null,"status":"passed","title":"should run the supplied onChange function for selects"},{"ancestorTitles":["SprkSelectionInput:"],"failureMessages":[],"fullName":"SprkSelectionInput: should run the supplied onChangeFunc function for selects","location":null,"status":"passed","title":"should run the supplied onChangeFunc function for selects"},{"ancestorTitles":["SprkSelectionInput:"],"failureMessages":[],"fullName":"SprkSelectionInput: should run the supplied onChange function for huge selects","location":null,"status":"passed","title":"should run the supplied onChange function for huge selects"},{"ancestorTitles":["SprkSelectionInput:"],"failureMessages":[],"fullName":"SprkSelectionInput: should run the supplied onChangeFunc function for huge selects","location":null,"status":"passed","title":"should run the supplied onChangeFunc function for huge selects"},{"ancestorTitles":["SprkSelectionInput:"],"failureMessages":[],"fullName":"SprkSelectionInput: should update state if huge select has a value","location":null,"status":"passed","title":"should update state if huge select has a value"},{"ancestorTitles":["SprkSelectionInput:"],"failureMessages":[],"fullName":"SprkSelectionInput: should not update state if huge select does not have a value","location":null,"status":"passed","title":"should not update state if huge select does not have a value"},{"ancestorTitles":["SprkSelectionInput:"],"failureMessages":[],"fullName":"SprkSelectionInput: should add classes when additionalClasses has a value to radios","location":null,"status":"passed","title":"should add classes when additionalClasses has a value to radios"},{"ancestorTitles":["SprkSelectionInput:"],"failureMessages":[],"fullName":"SprkSelectionInput: should add classes when additionalClasses has a value to selects","location":null,"status":"passed","title":"should add classes when additionalClasses has a value to selects"},{"ancestorTitles":["SprkSelectionInput:"],"failureMessages":[],"fullName":"SprkSelectionInput: should assign data-analytics when analyticsString has a value","location":null,"status":"passed","title":"should assign data-analytics when analyticsString has a value"},{"ancestorTitles":["SprkSelectionInput:"],"failureMessages":[],"fullName":"SprkSelectionInput: should assign data-id when idString has a value to checkboxes","location":null,"status":"passed","title":"should assign data-id when idString has a value to checkboxes"},{"ancestorTitles":["SprkSelectionInput:"],"failureMessages":[],"fullName":"SprkSelectionInput: should assign data-id when idString has a value to selects","location":null,"status":"passed","title":"should assign data-id when idString has a value to selects"},{"ancestorTitles":["SprkSelectionInput:"],"failureMessages":[],"fullName":"SprkSelectionInput: should render helper text when supplied","location":null,"status":"passed","title":"should render helper text when supplied"},{"ancestorTitles":["SprkSelectionInput:"],"failureMessages":[],"fullName":"SprkSelectionInput: should not render helper text when not supplied","location":null,"status":"passed","title":"should not render helper text when not supplied"},{"ancestorTitles":["SprkSelectionInput:"],"failureMessages":[],"fullName":"SprkSelectionInput: should render the input in an error state when valid is false","location":null,"status":"passed","title":"should render the input in an error state when valid is false"},{"ancestorTitles":["SprkSelectionInput:"],"failureMessages":[],"fullName":"SprkSelectionInput: should render the select in an error state when valid is false","location":null,"status":"passed","title":"should render the select in an error state when valid is false"},{"ancestorTitles":["SprkSelectionInput:"],"failureMessages":[],"fullName":"SprkSelectionInput: should make select disabled when disabled is set","location":null,"status":"passed","title":"should make select disabled when disabled is set"},{"ancestorTitles":["SprkSelectionInput:"],"failureMessages":[],"fullName":"SprkSelectionInput: should render grouped options if supplied","location":null,"status":"passed","title":"should render grouped options if supplied"}],"endTime":1583772689392,"message":"","name":"/Users/bwise/code/spark-design-system/react/src/base/inputs/SprkSelectionInput/SprkSelectionInput.test.js","startTime":1583772675888,"status":"passed","summary":""},{"assertionResults":[{"ancestorTitles":["SprkTabs:"],"failureMessages":[],"fullName":"SprkTabs: should display a Tab element with the correct base class","location":null,"status":"passed","title":"should display a Tab element with the correct base class"},{"ancestorTitles":["SprkTabs:"],"failureMessages":[],"fullName":"SprkTabs: should display a Tab panel element with the correct base class","location":null,"status":"passed","title":"should display a Tab panel element with the correct base class"},{"ancestorTitles":["SprkTabs:"],"failureMessages":[],"fullName":"SprkTabs: should display a Tab Button for each Tab Panel found in Tabs component","location":null,"status":"passed","title":"should display a Tab Button for each Tab Panel found in Tabs component"},{"ancestorTitles":["SprkTabs:"],"failureMessages":[],"fullName":"SprkTabs: should give each Tab Panel a unique ID","location":null,"status":"passed","title":"should give each Tab Panel a unique ID"},{"ancestorTitles":["SprkTabs:"],"failureMessages":[],"fullName":"SprkTabs: should give each Tab Button a unique ID","location":null,"status":"passed","title":"should give each Tab Button a unique ID"},{"ancestorTitles":["SprkTabs:"],"failureMessages":[],"fullName":"SprkTabs: should show the Tab Panel content for the tab button that was clicked","location":null,"status":"passed","title":"should show the Tab Panel content for the tab button that was clicked"},{"ancestorTitles":["SprkTabs:"],"failureMessages":[],"fullName":"SprkTabs: should hide the Tab Panel if that tab is not active","location":null,"status":"passed","title":"should hide the Tab Panel if that tab is not active"},{"ancestorTitles":["SprkTabs:"],"failureMessages":[],"fullName":"SprkTabs: should show the Tab panel with isDefaultActive","location":null,"status":"passed","title":"should show the Tab panel with isDefaultActive"},{"ancestorTitles":["SprkTabs:"],"failureMessages":[],"fullName":"SprkTabs: should focus the first tab when the left key is pressed while on the last tab","location":null,"status":"passed","title":"should focus the first tab when the left key is pressed while on the last tab"},{"ancestorTitles":["SprkTabs:"],"failureMessages":[],"fullName":"SprkTabs: should focus the last Tab Button when the end key is pressed","location":null,"status":"passed","title":"should focus the last Tab Button when the end key is pressed"},{"ancestorTitles":["SprkTabs:"],"failureMessages":[],"fullName":"SprkTabs: should focus the first Tab Button when the home key is pressed","location":null,"status":"passed","title":"should focus the first Tab Button when the home key is pressed"},{"ancestorTitles":["SprkTabs:"],"failureMessages":[],"fullName":"SprkTabs: should add the aria-orientation attribute when page loads","location":null,"status":"passed","title":"should add the aria-orientation attribute when page loads"},{"ancestorTitles":["SprkTabs:"],"failureMessages":[],"fullName":"SprkTabs: should move back to the previous tab at the end of the tablist if the first tab is selected","location":null,"status":"passed","title":"should move back to the previous tab at the end of the tablist if the first tab is selected"},{"ancestorTitles":["SprkTabs:"],"failureMessages":[],"fullName":"SprkTabs: should move back to the previous tab","location":null,"status":"passed","title":"should move back to the previous tab"},{"ancestorTitles":["SprkTabs:"],"failureMessages":[],"fullName":"SprkTabs: should move to the next tab","location":null,"status":"passed","title":"should move to the next tab"},{"ancestorTitles":["SprkTabs:"],"failureMessages":[],"fullName":"SprkTabs: should move to the first tab when the right key is pressed on the last tab","location":null,"status":"passed","title":"should move to the first tab when the right key is pressed on the last tab"},{"ancestorTitles":["SprkTabs:"],"failureMessages":[],"fullName":"SprkTabs: should get the active tab index","location":null,"status":"passed","title":"should get the active tab index"},{"ancestorTitles":["SprkTabs:"],"failureMessages":[],"fullName":"SprkTabs: should set the aria-orientation to vertical when the window size is less than the breakpoint","location":null,"status":"passed","title":"should set the aria-orientation to vertical when the window size is less than the breakpoint"},{"ancestorTitles":["SprkTabs:"],"failureMessages":[],"fullName":"SprkTabs: should not create a tab button for an element inside Tabs that is not a SprkTabsPanel","location":null,"status":"passed","title":"should not create a tab button for an element inside Tabs that is not a SprkTabsPanel"}],"endTime":1583772689535,"message":"","name":"/Users/bwise/code/spark-design-system/react/src/components/tabs/SprkTabs.test.js","startTime":1583772675888,"status":"passed","summary":""},{"assertionResults":[{"ancestorTitles":["SprkStack:"],"failureMessages":[],"fullName":"SprkStack: should display a div element with the correct base class","location":null,"status":"passed","title":"should display a div element with the correct base class"},{"ancestorTitles":["SprkStack:"],"failureMessages":[],"fullName":"SprkStack: should set the tiny spacing class in addition to the base class when itemSpacing is \"tiny\"","location":null,"status":"passed","title":"should set the tiny spacing class in addition to the base class when itemSpacing is \"tiny\""},{"ancestorTitles":["SprkStack:"],"failureMessages":[],"fullName":"SprkStack: should set the small spacing class in addition to the base class when itemSpacing is \"small\"","location":null,"status":"passed","title":"should set the small spacing class in addition to the base class when itemSpacing is \"small\""},{"ancestorTitles":["SprkStack:"],"failureMessages":[],"fullName":"SprkStack: should set the medium spacing class in addition to the base class when itemSpacing is \"medium\"","location":null,"status":"passed","title":"should set the medium spacing class in addition to the base class when itemSpacing is \"medium\""},{"ancestorTitles":["SprkStack:"],"failureMessages":[],"fullName":"SprkStack: should set the large spacing class in addition to the base class when itemSpacing is \"large\"","location":null,"status":"passed","title":"should set the large spacing class in addition to the base class when itemSpacing is \"large\""},{"ancestorTitles":["SprkStack:"],"failureMessages":[],"fullName":"SprkStack: should set the huge spacing class in addition to the base class whenitemSpacing is \"huge\"","location":null,"status":"passed","title":"should set the huge spacing class in addition to the base class whenitemSpacing is \"huge\""},{"ancestorTitles":["SprkStack:"],"failureMessages":[],"fullName":"SprkStack: should set the misc-a spacing class in addition to the base class whenitemSpacing is \"misc-a\"","location":null,"status":"passed","title":"should set the misc-a spacing class in addition to the base class whenitemSpacing is \"misc-a\""},{"ancestorTitles":["SprkStack:"],"failureMessages":[],"fullName":"SprkStack: should set the misc-a spacing class in addition to the base class whenitemSpacing is \"miscA\"","location":null,"status":"passed","title":"should set the misc-a spacing class in addition to the base class whenitemSpacing is \"miscA\""},{"ancestorTitles":["SprkStack:"],"failureMessages":[],"fullName":"SprkStack: should set the misc-b spacing class in addition to the base class whenitemSpacing is \"misc-b\"","location":null,"status":"passed","title":"should set the misc-b spacing class in addition to the base class whenitemSpacing is \"misc-b\""},{"ancestorTitles":["SprkStack:"],"failureMessages":[],"fullName":"SprkStack: should set the misc-b spacing class in addition to the base class whenitemSpacing is \"miscB\"","location":null,"status":"passed","title":"should set the misc-b spacing class in addition to the base class whenitemSpacing is \"miscB\""},{"ancestorTitles":["SprkStack:"],"failureMessages":[],"fullName":"SprkStack: should set the misc-c spacing class in addition to the base class when itemSpacing is \"misc-c\"","location":null,"status":"passed","title":"should set the misc-c spacing class in addition to the base class when itemSpacing is \"misc-c\""},{"ancestorTitles":["SprkStack:"],"failureMessages":[],"fullName":"SprkStack: should set the misc-c spacing class in addition to the base class when itemSpacing is \"miscC\"","location":null,"status":"passed","title":"should set the misc-c spacing class in addition to the base class when itemSpacing is \"miscC\""},{"ancestorTitles":["SprkStack:"],"failureMessages":[],"fullName":"SprkStack: should set the misc-d spacing class in addition to the base class when itemSpacing is \"misc-d\"","location":null,"status":"passed","title":"should set the misc-d spacing class in addition to the base class when itemSpacing is \"misc-d\""},{"ancestorTitles":["SprkStack:"],"failureMessages":[],"fullName":"SprkStack: should set the misc-d spacing class in addition to the base class when itemSpacing is \"miscD\"","location":null,"status":"passed","title":"should set the misc-d spacing class in addition to the base class when itemSpacing is \"miscD\""},{"ancestorTitles":["SprkStack:"],"failureMessages":[],"fullName":"SprkStack: should set the split class in addition to the base class when splitAt is \"extraTiny\"","location":null,"status":"passed","title":"should set the split class in addition to the base class when splitAt is \"extraTiny\""},{"ancestorTitles":["SprkStack:"],"failureMessages":[],"fullName":"SprkStack: should set the split class in addition to the base class when splitAt is \"tiny\"","location":null,"status":"passed","title":"should set the split class in addition to the base class when splitAt is \"tiny\""},{"ancestorTitles":["SprkStack:"],"failureMessages":[],"fullName":"SprkStack: should set the split class in addition to the base class when splitAt is \"small\"","location":null,"status":"passed","title":"should set the split class in addition to the base class when splitAt is \"small\""},{"ancestorTitles":["SprkStack:"],"failureMessages":[],"fullName":"SprkStack: should set the split class in addition to the base class when splitAt is \"medium\"","location":null,"status":"passed","title":"should set the split class in addition to the base class when splitAt is \"medium\""},{"ancestorTitles":["SprkStack:"],"failureMessages":[],"fullName":"SprkStack: should set the split class in addition to the base class when splitAt is \"large\"","location":null,"status":"passed","title":"should set the split class in addition to the base class when splitAt is \"large\""},{"ancestorTitles":["SprkStack:"],"failureMessages":[],"fullName":"SprkStack: should set the split class in addition to the base class when splitAt is \"huge\"","location":null,"status":"passed","title":"should set the split class in addition to the base class when splitAt is \"huge\""}],"endTime":1583772690577,"message":"","name":"/Users/bwise/code/spark-design-system/react/src/objects/stack/SprkStack.test.js","startTime":1583772689447,"status":"passed","summary":""},{"assertionResults":[{"ancestorTitles":["SprkBox:"],"failureMessages":[],"fullName":"SprkBox: should display a div with the correct base class","location":null,"status":"passed","title":"should display a div with the correct base class"},{"ancestorTitles":["SprkBox:"],"failureMessages":[],"fullName":"SprkBox: should set the flush spacing class in addition to the base class when spacing is \"flush\"","location":null,"status":"passed","title":"should set the flush spacing class in addition to the base class when spacing is \"flush\""},{"ancestorTitles":["SprkBox:"],"failureMessages":[],"fullName":"SprkBox: should set the tiny spacing class in addition to the base class when spacing is \"tiny\"","location":null,"status":"passed","title":"should set the tiny spacing class in addition to the base class when spacing is \"tiny\""},{"ancestorTitles":["SprkBox:"],"failureMessages":[],"fullName":"SprkBox: should set the small spacing class in addition to the base class when spacing is \"small\"","location":null,"status":"passed","title":"should set the small spacing class in addition to the base class when spacing is \"small\""},{"ancestorTitles":["SprkBox:"],"failureMessages":[],"fullName":"SprkBox: should set the large spacing class in addition to the base class when spacing is \"large\"","location":null,"status":"passed","title":"should set the large spacing class in addition to the base class when spacing is \"large\""},{"ancestorTitles":["SprkBox:"],"failureMessages":[],"fullName":"SprkBox: should set the huge spacing class in addition to the base class when spacing is \"huge\"","location":null,"status":"passed","title":"should set the huge spacing class in addition to the base class when spacing is \"huge\""},{"ancestorTitles":["SprkBox:"],"failureMessages":[],"fullName":"SprkBox: should set the misc-a spacing class in addition to the base class when spacing is \"miscA\"","location":null,"status":"passed","title":"should set the misc-a spacing class in addition to the base class when spacing is \"miscA\""},{"ancestorTitles":["SprkBox:"],"failureMessages":[],"fullName":"SprkBox: should set the misc-b spacing class in addition to the base class when spacing is \"miscB\"","location":null,"status":"passed","title":"should set the misc-b spacing class in addition to the base class when spacing is \"miscB\""},{"ancestorTitles":["SprkBox:"],"failureMessages":[],"fullName":"SprkBox: should set the misc-c spacing class in addition to the base class when spacing is \"miscC\"","location":null,"status":"passed","title":"should set the misc-c spacing class in addition to the base class when spacing is \"miscC\""},{"ancestorTitles":["SprkBox:"],"failureMessages":[],"fullName":"SprkBox: should set the misc-d spacing class in addition to the base class when spacing is \"miscD\"","location":null,"status":"passed","title":"should set the misc-d spacing class in addition to the base class when spacing is \"miscD\""},{"ancestorTitles":["SprkBox:"],"failureMessages":[],"fullName":"SprkBox: should set the inset-short-tiny spacing class in addition to the base class when spacing is \"insetShortTiny\"","location":null,"status":"passed","title":"should set the inset-short-tiny spacing class in addition to the base class when spacing is \"insetShortTiny\""},{"ancestorTitles":["SprkBox:"],"failureMessages":[],"fullName":"SprkBox: should set the inset-short-small spacing class in addition to the base class when spacing is \"insetShortSmall\"","location":null,"status":"passed","title":"should set the inset-short-small spacing class in addition to the base class when spacing is \"insetShortSmall\""},{"ancestorTitles":["SprkBox:"],"failureMessages":[],"fullName":"SprkBox: should set the inset-short-medium spacing class in addition to the base class when spacing is \"insetShortMedium\"","location":null,"status":"passed","title":"should set the inset-short-medium spacing class in addition to the base class when spacing is \"insetShortMedium\""},{"ancestorTitles":["SprkBox:"],"failureMessages":[],"fullName":"SprkBox: should set the inset-short-large spacing class in addition to the base class when spacing is \"insetShortLarge\"","location":null,"status":"passed","title":"should set the inset-short-large spacing class in addition to the base class when spacing is \"insetShortLarge\""},{"ancestorTitles":["SprkBox:"],"failureMessages":[],"fullName":"SprkBox: should set the inset-short-huge spacing class in addition to the base class when spacing is \"insetShortHuge\"","location":null,"status":"passed","title":"should set the inset-short-huge spacing class in addition to the base class when spacing is \"insetShortHuge\""},{"ancestorTitles":["SprkBox:"],"failureMessages":[],"fullName":"SprkBox: should set the inset-tall-tiny spacing class in addition to the base class when spacing is \"insetTallTiny\"","location":null,"status":"passed","title":"should set the inset-tall-tiny spacing class in addition to the base class when spacing is \"insetTallTiny\""},{"ancestorTitles":["SprkBox:"],"failureMessages":[],"fullName":"SprkBox: should set the inset-tall-small spacing class in addition to the base class when spacing is \"insetTallSmall\"","location":null,"status":"passed","title":"should set the inset-tall-small spacing class in addition to the base class when spacing is \"insetTallSmall\""},{"ancestorTitles":["SprkBox:"],"failureMessages":[],"fullName":"SprkBox: should set the inset-tall-medium spacing class in addition to the base class when spacing is \"insetTallMedium\"","location":null,"status":"passed","title":"should set the inset-tall-medium spacing class in addition to the base class when spacing is \"insetTallMedium\""},{"ancestorTitles":["SprkBox:"],"failureMessages":[],"fullName":"SprkBox: should set the inset-tall-large spacing class in addition to the base class when spacing is \"insetTallLarge\"","location":null,"status":"passed","title":"should set the inset-tall-large spacing class in addition to the base class when spacing is \"insetTallLarge\""},{"ancestorTitles":["SprkBox:"],"failureMessages":[],"fullName":"SprkBox: should set the inset-tall-huge spacing class in addition to the base class when spacing is \"insetTallHuge\"","location":null,"status":"passed","title":"should set the inset-tall-huge spacing class in addition to the base class when spacing is \"insetTallHuge\""}],"endTime":1583772690713,"message":"","name":"/Users/bwise/code/spark-design-system/react/src/objects/box/SprkBox.test.js","startTime":1583772689585,"status":"passed","summary":""},{"assertionResults":[{"ancestorTitles":["SprkFooterGlobalSection:"],"failureMessages":[],"fullName":"SprkFooterGlobalSection: should display the global items","location":null,"status":"passed","title":"should display the global items"},{"ancestorTitles":["SprkFooterGlobalSection:"],"failureMessages":[],"fullName":"SprkFooterGlobalSection: should render a SprkIcon if mediaType is SprkIcon","location":null,"status":"passed","title":"should render a SprkIcon if mediaType is SprkIcon"},{"ancestorTitles":["SprkFooterGlobalSection:"],"failureMessages":[],"fullName":"SprkFooterGlobalSection: should render svg if mediaType is svg","location":null,"status":"passed","title":"should render svg if mediaType is svg"},{"ancestorTitles":["SprkFooterGlobalSection:"],"failureMessages":[],"fullName":"SprkFooterGlobalSection: should render the href as nogo if not defined","location":null,"status":"passed","title":"should render the href as nogo if not defined"},{"ancestorTitles":["SprkFooterGlobalSection:"],"failureMessages":[],"fullName":"SprkFooterGlobalSection: should not render the href if element is not an a","location":null,"status":"passed","title":"should not render the href if element is not an a"}],"endTime":1583772690721,"message":"","name":"/Users/bwise/code/spark-design-system/react/src/components/footer/components/SprkFooterGlobalSection/SprkFooterGlobalSection.test.js","startTime":1583772689369,"status":"passed","summary":""},{"assertionResults":[{"ancestorTitles":["SprkStepper:"],"failureMessages":[],"fullName":"SprkStepper: should display a stepper element with the correct base class","location":null,"status":"passed","title":"should display a stepper element with the correct base class"},{"ancestorTitles":["SprkStepper:"],"failureMessages":[],"fullName":"SprkStepper: should correctly apply additional classes","location":null,"status":"passed","title":"should correctly apply additional classes"},{"ancestorTitles":["SprkStepper:"],"failureMessages":[],"fullName":"SprkStepper: should correctly apply bookend classes","location":null,"status":"passed","title":"should correctly apply bookend classes"},{"ancestorTitles":["SprkStepper:"],"failureMessages":[],"fullName":"SprkStepper: should ignore non-step children","location":null,"status":"passed","title":"should ignore non-step children"},{"ancestorTitles":["SprkStepper:"],"failureMessages":[],"fullName":"SprkStepper: should call step callback function","location":null,"status":"passed","title":"should call step callback function"},{"ancestorTitles":["SprkStepper:"],"failureMessages":[],"fullName":"SprkStepper: should have the correct structure with a dark background","location":null,"status":"passed","title":"should have the correct structure with a dark background"},{"ancestorTitles":["SprkStepper:"],"failureMessages":[],"fullName":"SprkStepper: should correctly advance the tab when a key is pressed","location":null,"status":"passed","title":"should correctly advance the tab when a key is pressed"},{"ancestorTitles":["SprkStepper:"],"failureMessages":[],"fullName":"SprkStepper: should correctly retreat the tab when a key is pressed","location":null,"status":"passed","title":"should correctly retreat the tab when a key is pressed"},{"ancestorTitles":["SprkStepper:"],"failureMessages":[],"fullName":"SprkStepper: should correctly jump to first step when Home is pressed","location":null,"status":"passed","title":"should correctly jump to first step when Home is pressed"},{"ancestorTitles":["SprkStepper:"],"failureMessages":[],"fullName":"SprkStepper: should correctly jump to last step when End is pressed","location":null,"status":"passed","title":"should correctly jump to last step when End is pressed"},{"ancestorTitles":["SprkStepper:"],"failureMessages":[],"fullName":"SprkStepper: should correctly advance and overflow the selected item with keyboard","location":null,"status":"passed","title":"should correctly advance and overflow the selected item with keyboard"},{"ancestorTitles":["SprkStepper:"],"failureMessages":[],"fullName":"SprkStepper: should correctly retreat and underflow the selected item with keyboard","location":null,"status":"passed","title":"should correctly retreat and underflow the selected item with keyboard"},{"ancestorTitles":["SprkStepper:"],"failureMessages":[],"fullName":"SprkStepper: should not change state for unexpected keypresses","location":null,"status":"passed","title":"should not change state for unexpected keypresses"}],"endTime":1583772691115,"message":"","name":"/Users/bwise/code/spark-design-system/react/src/components/stepper/SprkStepper.test.js","startTime":1583772689113,"status":"passed","summary":""},{"assertionResults":[{"ancestorTitles":["SprkFooter:"],"failureMessages":[],"fullName":"SprkFooter: should display a Footer element with the correct base class","location":null,"status":"passed","title":"should display a Footer element with the correct base class"},{"ancestorTitles":["SprkFooter:"],"failureMessages":[],"fullName":"SprkFooter: should display a Footer element with the global section","location":null,"status":"passed","title":"should display a Footer element with the global section"},{"ancestorTitles":["SprkFooter:"],"failureMessages":[],"fullName":"SprkFooter: should display a Footer element with the column links section","location":null,"status":"passed","title":"should display a Footer element with the column links section"},{"ancestorTitles":["SprkFooter:"],"failureMessages":[],"fullName":"SprkFooter: should display a Footer element with the connect icons section","location":null,"status":"passed","title":"should display a Footer element with the connect icons section"},{"ancestorTitles":["SprkFooter:"],"failureMessages":[],"fullName":"SprkFooter: should display a Footer element with the awards section","location":null,"status":"passed","title":"should display a Footer element with the awards section"},{"ancestorTitles":["SprkFooter:"],"failureMessages":[],"fullName":"SprkFooter: should display a Footer element with the additional icons section","location":null,"status":"passed","title":"should display a Footer element with the additional icons section"},{"ancestorTitles":["SprkFooter:"],"failureMessages":[],"fullName":"SprkFooter: should display a Footer element with the paragraphs section","location":null,"status":"passed","title":"should display a Footer element with the paragraphs section"},{"ancestorTitles":["SprkFooter:"],"failureMessages":[],"fullName":"SprkFooter: should render the href as nogo if not defined for additionalIcons","location":null,"status":"passed","title":"should render the href as nogo if not defined for additionalIcons"},{"ancestorTitles":["SprkFooter:"],"failureMessages":[],"fullName":"SprkFooter: should not render the href if element is not an a for additionalIcons","location":null,"status":"passed","title":"should not render the href if element is not an a for additionalIcons"},{"ancestorTitles":["SprkFooter:"],"failureMessages":[],"fullName":"SprkFooter: should render the href as nogo if not defined for column links","location":null,"status":"passed","title":"should render the href as nogo if not defined for column links"},{"ancestorTitles":["SprkFooter:"],"failureMessages":[],"fullName":"SprkFooter: should not render the href if element is not an a for column links","location":null,"status":"passed","title":"should not render the href if element is not an a for column links"}],"endTime":1583772691480,"message":"","name":"/Users/bwise/code/spark-design-system/react/src/components/footer/SprkFooter.test.js","startTime":1583772689258,"status":"passed","summary":""},{"assertionResults":[{"ancestorTitles":["SprkCardTeaser:"],"failureMessages":[],"fullName":"SprkCardTeaser: should render media as image","location":null,"status":"passed","title":"should render media as image"},{"ancestorTitles":["SprkCardTeaser:"],"failureMessages":[],"fullName":"SprkCardTeaser: should render media as icon","location":null,"status":"passed","title":"should render media as icon"},{"ancestorTitles":["SprkCardTeaser:"],"failureMessages":[],"fullName":"SprkCardTeaser: should render bodyText","location":null,"status":"passed","title":"should render bodyText"},{"ancestorTitles":["SprkCardTeaser:"],"failureMessages":[],"fullName":"SprkCardTeaser: should render title with correct classes (!titleFirst)","location":null,"status":"passed","title":"should render title with correct classes (!titleFirst)"},{"ancestorTitles":["SprkCardTeaser:"],"failureMessages":[],"fullName":"SprkCardTeaser: should render title with correct classes when titleFirst","location":null,"status":"passed","title":"should render title with correct classes when titleFirst"},{"ancestorTitles":["SprkCardTeaser:"],"failureMessages":[],"fullName":"SprkCardTeaser: should render cta as a button","location":null,"status":"passed","title":"should render cta as a button"},{"ancestorTitles":["SprkCardTeaser:"],"failureMessages":[],"fullName":"SprkCardTeaser: should render cta as a link","location":null,"status":"passed","title":"should render cta as a link"},{"ancestorTitles":["SprkCardTeaser:"],"failureMessages":[],"fullName":"SprkCardTeaser: should render icon next to link","location":null,"status":"passed","title":"should render icon next to link"},{"ancestorTitles":["SprkCardTeaser:"],"failureMessages":[],"fullName":"SprkCardTeaser: should render media img inside react router link","location":null,"status":"passed","title":"should render media img inside react router link"},{"ancestorTitles":["SprkCardTeaser:"],"failureMessages":[],"fullName":"SprkCardTeaser: should render media icon inside TagName link","location":null,"status":"passed","title":"should render media icon inside TagName link"},{"ancestorTitles":["SprkCardTeaser:"],"failureMessages":[],"fullName":"SprkCardTeaser: should render CTA link as TagName link","location":null,"status":"passed","title":"should render CTA link as TagName link"},{"ancestorTitles":["SprkCardTeaser:"],"failureMessages":[],"fullName":"SprkCardTeaser: should render CTA link with icon as TagName link","location":null,"status":"passed","title":"should render CTA link with icon as TagName link"},{"ancestorTitles":["SprkCardTeaser:"],"failureMessages":[],"fullName":"SprkCardTeaser: should render CTA button router link","location":null,"status":"passed","title":"should render CTA button router link"},{"ancestorTitles":["SprkCardTeaser:"],"failureMessages":[],"fullName":"SprkCardTeaser: should render CTA button as anchor link with button style","location":null,"status":"passed","title":"should render CTA button as anchor link with button style"},{"ancestorTitles":["SprkCardTeaser:"],"failureMessages":[],"fullName":"SprkCardTeaser: should render CTA link as anchor","location":null,"status":"passed","title":"should render CTA link as anchor"},{"ancestorTitles":["SprkCardTeaser:"],"failureMessages":[],"fullName":"SprkCardTeaser: should render correct order when title is first","location":null,"status":"passed","title":"should render correct order when title is first"},{"ancestorTitles":["SprkCardTeaser:"],"failureMessages":[],"fullName":"SprkCardTeaser: should render correct order of elements when media is icon","location":null,"status":"passed","title":"should render correct order of elements when media is icon"},{"ancestorTitles":["SprkCardTeaser:"],"failureMessages":[],"fullName":"SprkCardTeaser: should render correct order of elements when media is img","location":null,"status":"passed","title":"should render correct order of elements when media is img"}],"endTime":1583772691677,"message":"","name":"/Users/bwise/code/spark-design-system/react/src/components/card/components/SprkCardTeaser/SprkCardTeaser.test.js","startTime":1583772689196,"status":"passed","summary":""},{"assertionResults":[{"ancestorTitles":["SprkAccordion:"],"failureMessages":[],"fullName":"SprkAccordion: should display a ul element with the correct base class","location":null,"status":"passed","title":"should display a ul element with the correct base class"},{"ancestorTitles":["SprkAccordion:"],"failureMessages":[],"fullName":"SprkAccordion: should display not render out an accordion item for elements that are not SprkAccordionItem","location":null,"status":"passed","title":"should display not render out an accordion item for elements that are not SprkAccordionItem"}],"endTime":1583772691881,"message":"","name":"/Users/bwise/code/spark-design-system/react/src/components/accordions/SprkAccordion.test.js","startTime":1583772690599,"status":"passed","summary":""},{"assertionResults":[{"ancestorTitles":["SprkMastheadDropdown:"],"failureMessages":[],"fullName":"SprkMastheadDropdown: should render a trigger with the correct classes","location":null,"status":"passed","title":"should render a trigger with the correct classes"},{"ancestorTitles":["SprkMastheadDropdown:"],"failureMessages":[],"fullName":"SprkMastheadDropdown: should add classes to the dropdown when additionalClasses has a value","location":null,"status":"passed","title":"should add classes to the dropdown when additionalClasses has a value"},{"ancestorTitles":["SprkMastheadDropdown:"],"failureMessages":[],"fullName":"SprkMastheadDropdown: should add classes to the icon when additionalIconClasses has a value","location":null,"status":"passed","title":"should add classes to the icon when additionalIconClasses has a value"},{"ancestorTitles":["SprkMastheadDropdown:"],"failureMessages":[],"fullName":"SprkMastheadDropdown: should add classes to the trigger when additionalTriggerClasses has a value","location":null,"status":"passed","title":"should add classes to the trigger when additionalTriggerClasses has a value"},{"ancestorTitles":["SprkMastheadDropdown:"],"failureMessages":[],"fullName":"SprkMastheadDropdown: should add classes to the trigger text when additionalTriggerTextClasses has a value","location":null,"status":"passed","title":"should add classes to the trigger text when additionalTriggerTextClasses has a value"},{"ancestorTitles":["SprkMastheadDropdown:"],"failureMessages":[],"fullName":"SprkMastheadDropdown: should assign data-analytics when analyticsString has a value","location":null,"status":"passed","title":"should assign data-analytics when analyticsString has a value"},{"ancestorTitles":["SprkMastheadDropdown:"],"failureMessages":[],"fullName":"SprkMastheadDropdown: should assign data-id when idString has a value","location":null,"status":"passed","title":"should assign data-id when idString has a value"},{"ancestorTitles":["SprkMastheadDropdown:"],"failureMessages":[],"fullName":"SprkMastheadDropdown: should assign the choices header when title has a value","location":null,"status":"passed","title":"should assign the choices header when title has a value"},{"ancestorTitles":["SprkMastheadDropdown:"],"failureMessages":[],"fullName":"SprkMastheadDropdown: should build the correct number of choices from a choices object","location":null,"status":"passed","title":"should build the correct number of choices from a choices object"},{"ancestorTitles":["SprkMastheadDropdown:"],"failureMessages":[],"fullName":"SprkMastheadDropdown: should close the dropdown on click outside","location":null,"status":"passed","title":"should close the dropdown on click outside"},{"ancestorTitles":["SprkMastheadDropdown:"],"failureMessages":[],"fullName":"SprkMastheadDropdown: should close the dropdown on keydown (Escape)","location":null,"status":"passed","title":"should close the dropdown on keydown (Escape)"},{"ancestorTitles":["SprkMastheadDropdown:"],"failureMessages":[],"fullName":"SprkMastheadDropdown: should unmount without error","location":null,"status":"passed","title":"should unmount without error"},{"ancestorTitles":["SprkMastheadDropdown:"],"failureMessages":[],"fullName":"SprkMastheadDropdown: should render the choices with the element specified","location":null,"status":"passed","title":"should render the choices with the element specified"},{"ancestorTitles":["SprkMastheadDropdown:"],"failureMessages":[],"fullName":"SprkMastheadDropdown: should pass unused keys on choice items through to the dom","location":null,"status":"passed","title":"should pass unused keys on choice items through to the dom"}],"endTime":1583772692052,"message":"","name":"/Users/bwise/code/spark-design-system/react/src/components/masthead/components/SprkMastheadDropdown/SprkMastheadDropdown.test.js","startTime":1583772690737,"status":"passed","summary":""},{"assertionResults":[{"ancestorTitles":["SprkTextInput:"],"failureMessages":[],"fullName":"SprkTextInput: should render an element with the correct class","location":null,"status":"passed","title":"should render an element with the correct class"},{"ancestorTitles":["SprkTextInput:"],"failureMessages":[],"fullName":"SprkTextInput: should render a huge text input with the correct class","location":null,"status":"passed","title":"should render a huge text input with the correct class"},{"ancestorTitles":["SprkTextInput:"],"failureMessages":[],"fullName":"SprkTextInput: should add floating label class to huge input when a value is present and blurred out","location":null,"status":"passed","title":"should add floating label class to huge input when a value is present and blurred out"},{"ancestorTitles":["SprkTextInput:"],"failureMessages":[],"fullName":"SprkTextInput: should remove/not have floating label class to huge input when a value is not present and blurred out","location":null,"status":"passed","title":"should remove/not have floating label class to huge input when a value is not present and blurred out"},{"ancestorTitles":["SprkTextInput:"],"failureMessages":[],"fullName":"SprkTextInput: should add floating label class to huge text when there is value","location":null,"status":"passed","title":"should add floating label class to huge text when there is value"},{"ancestorTitles":["SprkTextInput:"],"failureMessages":[],"fullName":"SprkTextInput: should add floating label class to huge text when there is defaultValue","location":null,"status":"passed","title":"should add floating label class to huge text when there is defaultValue"},{"ancestorTitles":["SprkTextInput:"],"failureMessages":[],"fullName":"SprkTextInput: should add classes when additionalClasses has a value","location":null,"status":"passed","title":"should add classes when additionalClasses has a value"},{"ancestorTitles":["SprkTextInput:"],"failureMessages":[],"fullName":"SprkTextInput: should assign data-analytics when analyticsString has a value","location":null,"status":"passed","title":"should assign data-analytics when analyticsString has a value"},{"ancestorTitles":["SprkTextInput:"],"failureMessages":[],"fullName":"SprkTextInput: should assign data-id when idString has a value","location":null,"status":"passed","title":"should assign data-id when idString has a value"},{"ancestorTitles":["SprkTextInput:"],"failureMessages":[],"fullName":"SprkTextInput: should render an icon if leadingIcon is supplied","location":null,"status":"passed","title":"should render an icon if leadingIcon is supplied"},{"ancestorTitles":["SprkTextInput:"],"failureMessages":[],"fullName":"SprkTextInput: should render a textarea is type is set to textarea","location":null,"status":"passed","title":"should render a textarea is type is set to textarea"},{"ancestorTitles":["SprkTextInput:"],"failureMessages":[],"fullName":"SprkTextInput: should run the supplied formatter","location":null,"status":"passed","title":"should run the supplied formatter"},{"ancestorTitles":["SprkTextInput:"],"failureMessages":[],"fullName":"SprkTextInput: should not run the formatter if t
[...]
kText:"],"failureMessages":[],"fullName":"SprkText: should display small element with the body two style class","location":null,"status":"passed","title":"should display small element with the body two style class"},{"ancestorTitles":["SprkText:"],"failureMessages":[],"fullName":"SprkText: should display cite element with the body three style class","location":null,"status":"passed","title":"should display cite element with the body three style class"},{"ancestorTitles":["SprkText:"],"failureMessages":[],"fullName":"SprkText: should add my-text as the value for the data-id attribute","location":null,"status":"passed","title":"should add my-text as the value for the data-id attribute"},{"ancestorTitles":["SprkText:"],"failureMessages":[],"fullName":"SprkText: should render a SprkLink if it is passed in as element and add correct class","location":null,"status":"passed","title":"should render a SprkLink if it is passed in as element and add correct class"}],"endTime":1583772695554,"message":"","name":"/Users/bwise/code/spark-design-system/react/src/base/typography/SprkText/SprkText.test.js","startTime":1583772694620,"status":"passed","summary":""},{"assertionResults":[{"ancestorTitles":["SprkMastheadAccordion:"],"failureMessages":[],"fullName":"SprkMastheadAccordion: should render a trigger with the correct classes","location":null,"status":"passed","title":"should render a trigger with the correct classes"},{"ancestorTitles":["SprkMastheadAccordion:"],"failureMessages":[],"fullName":"SprkMastheadAccordion: should add classes when additionalClasses has a value","location":null,"status":"passed","title":"should add classes when additionalClasses has a value"},{"ancestorTitles":["SprkMastheadAccordion:"],"failureMessages":[],"fullName":"SprkMastheadAccordion: should assign data-analytics when analyticsString has a value","location":null,"status":"passed","title":"should assign data-analytics when analyticsString has a value"},{"ancestorTitles":["SprkMastheadAccordion:"],"failureMessages":[],"fullName":"SprkMastheadAccordion: should assign data-id when idString has a value","location":null,"status":"passed","title":"should assign data-id when idString has a value"},{"ancestorTitles":["SprkMastheadAccordion:"],"failureMessages":[],"fullName":"SprkMastheadAccordion: should render the correct number of links","location":null,"status":"passed","title":"should render the correct number of links"}],"endTime":1583772695602,"message":"","name":"/Users/bwise/code/spark-design-system/react/src/components/masthead/components/SprkMastheadAccordion/SprkMastheadAccordion.test.js","startTime":1583772694647,"status":"passed","summary":""},{"assertionResults":[{"ancestorTitles":["SprkToggle:"],"failureMessages":[],"fullName":"SprkToggle: should display one element with the correct additional classes","location":null,"status":"passed","title":"should display one element with the correct additional classes"},{"ancestorTitles":["SprkToggle:"],"failureMessages":[],"fullName":"SprkToggle: should default to open if defaultOpen is true","location":null,"status":"passed","title":"should default to open if defaultOpen is true"},{"ancestorTitles":["SprkToggle:"],"failureMessages":[],"fullName":"SprkToggle: should toggle open on click","location":null,"status":"passed","title":"should toggle open on click"},{"ancestorTitles":["SprkToggle:"],"failureMessages":[],"fullName":"SprkToggle: should add a class to icon when opened","location":null,"status":"passed","title":"should add a class to icon when opened"},{"ancestorTitles":["SprkToggle:"],"failureMessages":[],"fullName":"SprkToggle: should add aria-expanded=\"true\" when the toggle is open","location":null,"status":"passed","title":"should add aria-expanded=\"true\" when the toggle is open"}],"endTime":1583772695632,"message":"","name":"/Users/bwise/code/spark-design-system/react/src/components/toggle/SprkToggle.test.js","startTime":1583772694592,"status":"passed","summary":""},{"assertionResults":[{"ancestorTitles":["SprkModal:"],"failureMessages":[],"fullName":"SprkModal: should load the module","location":null,"status":"passed","title":"should load the module"},{"ancestorTitles":["SprkModal:"],"failureMessages":[],"fullName":"SprkModal: should not render an invisible component","location":null,"status":"passed","title":"should not render an invisible component"},{"ancestorTitles":["SprkModal:"],"failureMessages":[],"fullName":"SprkModal: should have 3 buttons in the Choice variant","location":null,"status":"passed","title":"should have 3 buttons in the Choice variant"},{"ancestorTitles":["SprkModal:"],"failureMessages":[],"fullName":"SprkModal: should have 1 button in the Info variant","location":null,"status":"passed","title":"should have 1 button in the Info variant"},{"ancestorTitles":["SprkModal:"],"failureMessages":[],"fullName":"SprkModal: should have 0 buttons in the Wait variant","location":null,"status":"passed","title":"should have 0 buttons in the Wait variant"},{"ancestorTitles":["SprkModal:"],"failureMessages":[],"fullName":"SprkModal: should correctly apply the title property","location":null,"status":"passed","title":"should correctly apply the title property"},{"ancestorTitles":["SprkModal:"],"failureMessages":[],"fullName":"SprkModal: should correctly apply additional classes","location":null,"status":"passed","title":"should correctly apply additional classes"}],"endTime":1583772695779,"message":"","name":"/Users/bwise/code/spark-design-system/react/src/components/modals/SprkModal.test.js","startTime":1583772694008,"status":"passed","summary":""},{"assertionResults":[{"ancestorTitles":["SprkTabsPanel:"],"failureMessages":[],"fullName":"SprkTabsPanel: should display a Tab Panel element with the correct base class","location":null,"status":"passed","title":"should display a Tab Panel element with the correct base class"},{"ancestorTitles":["SprkTabsPanel:"],"failureMessages":[],"fullName":"SprkTabsPanel: should add classes when tabPanelAddClasses has a value","location":null,"status":"passed","title":"should add classes when tabPanelAddClasses has a value"},{"ancestorTitles":["SprkTabsPanel:"],"failureMessages":[],"fullName":"SprkTabsPanel: should focus the corresponding Tab Panel when the tab key is pressed","location":null,"status":"passed","title":"should focus the corresponding Tab Panel when the tab key is pressed"}],"endTime":1583772696005,"message":"","name":"/Users/bwise/code/spark-design-system/react/src/components/tabs/components/SprkTabsPanel/SprkTabsPanel.test.js","startTime":1583772694957,"status":"passed","summary":""},{"assertionResults":[{"ancestorTitles":["SprkDictionary:"],"failureMessages":[],"fullName":"SprkDictionary: should display a div with the correct base class","location":null,"status":"passed","title":"should display a div with the correct base class"},{"ancestorTitles":["SprkDictionary:"],"failureMessages":[],"fullName":"SprkDictionary: should display a striped dictionary with correct classes when variant is striped","location":null,"status":"passed","title":"should display a striped dictionary with correct classes when variant is striped"}],"endTime":1583772696144,"message":"","name":"/Users/bwise/code/spark-design-system/react/src/components/dictionary/SprkDictionary.test.js","startTime":1583772695200,"status":"passed","summary":""},{"assertionResults":[{"ancestorTitles":["SprkErrorContainer:"],"failureMessages":[],"fullName":"SprkErrorContainer: should render an element with the correct class","location":null,"status":"passed","title":"should render an element with the correct class"},{"ancestorTitles":["SprkErrorContainer:"],"failureMessages":[],"fullName":"SprkErrorContainer: should add classes when additionalClasses has a value","location":null,"status":"passed","title":"should add classes when additionalClasses has a value"},{"ancestorTitles":["SprkErrorContainer:"],"failureMessages":[],"fullName":"SprkErrorContainer: should assign data-analytics when analyticsString has a value","location":null,"status":"passed","title":"should assign data-analytics when analyticsString has a value"},{"ancestorTitles":["SprkErrorContainer:"],"failureMessages":[],"fullName":"SprkErrorContainer: should assign data-id when idString has a value","location":null,"status":"passed","title":"should assign data-id when idString has a value"}],"endTime":1583772696444,"message":"","name":"/Users/bwise/code/spark-design-system/react/src/base/inputs/SprkErrorContainer/SprkErrorContainer.test.js","startTime":1583772695617,"status":"passed","summary":""},{"assertionResults":[{"ancestorTitles":["SprkRevealInput:"],"failureMessages":[],"fullName":"SprkRevealInput: should render an element with the correct class","location":null,"status":"passed","title":"should render an element with the correct class"},{"ancestorTitles":["SprkRevealInput:"],"failureMessages":[],"fullName":"SprkRevealInput: should add classes when additionalClasses has a value","location":null,"status":"passed","title":"should add classes when additionalClasses has a value"},{"ancestorTitles":["SprkRevealInput:"],"failureMessages":[],"fullName":"SprkRevealInput: should assign data-analytics when analyticsString has a value","location":null,"status":"passed","title":"should assign data-analytics when analyticsString has a value"},{"ancestorTitles":["SprkRevealInput:"],"failureMessages":[],"fullName":"SprkRevealInput: should assign data-id when idString has a value","location":null,"status":"passed","title":"should assign data-id when idString has a value"},{"ancestorTitles":["SprkRevealInput:"],"failureMessages":[],"fullName":"SprkRevealInput: should toggle the input type between \"text\" and \"password\" on click of the checkbox","location":null,"status":"passed","title":"should toggle the input type between \"text\" and \"password\" on click of the checkbox"}],"endTime":1583772696501,"message":"","name":"/Users/bwise/code/spark-design-system/react/src/base/inputs/SprkRevealInput/SprkRevealInput.test.js","startTime":1583772695453,"status":"passed","summary":""},{"assertionResults":[{"ancestorTitles":["SprkMastheadNarrowNav:"],"failureMessages":[],"fullName":"SprkMastheadNarrowNav: shouldnt render anything by default","location":null,"status":"passed","title":"shouldnt render anything by default"},{"ancestorTitles":["SprkMastheadNarrowNav:"],"failureMessages":[],"fullName":"SprkMastheadNarrowNav: should render the nav if isOpen is true","location":null,"status":"passed","title":"should render the nav if isOpen is true"},{"ancestorTitles":["SprkMastheadNarrowNav:"],"failureMessages":[],"fullName":"SprkMastheadNarrowNav: should render the selector if selector (and items) are defined","location":null,"status":"passed","title":"should render the selector if selector (and items) are defined"}],"endTime":1583772696522,"message":"","name":"/Users/bwise/code/spark-design-system/react/src/components/masthead/components/SprkMastheadNarrowNav/SprkMastheadNarrowNav.test.js","startTime":1583772695644,"status":"passed","summary":""},{"assertionResults":[{"ancestorTitles":["SprkIcon:"],"failureMessages":[],"fullName":"SprkIcon: should display an svg element with the correct base class","location":null,"status":"passed","title":"should display an svg element with the correct base class"},{"ancestorTitles":["SprkIcon:"],"failureMessages":[],"fullName":"SprkIcon: should add classes when additionalClasses has a value","location":null,"status":"passed","title":"should add classes when additionalClasses has a value"},{"ancestorTitles":["SprkIcon:"],"failureMessages":[],"fullName":"SprkIcon: should set data-id when idString has a value","location":null,"status":"passed","title":"should set data-id when idString has a value"},{"ancestorTitles":["SprkIcon:"],"failureMessages":[],"fullName":"SprkIcon: should override viewBox when viewBox has a value","location":null,"status":"passed","title":"should override viewBox when viewBox has a value"}],"endTime":1583772696622,"message":"","name":"/Users/bwise/code/spark-design-system/react/src/components/icons/SprkIcon.test.js","startTime":1583772695798,"status":"passed","summary":""},{"assertionResults":[{"ancestorTitles":["SprkSpinner:"],"failureMessages":[],"fullName":"SprkSpinner: should display a div with the correct base class","location":null,"status":"passed","title":"should display a div with the correct base class"},{"ancestorTitles":["SprkSpinner:"],"failureMessages":[],"fullName":"SprkSpinner: should display the correct class if the size prop is set to large","location":null,"status":"passed","title":"should display the correct class if the size prop is set to large"},{"ancestorTitles":["SprkSpinner:"],"failureMessages":[],"fullName":"SprkSpinner: should display the correct class if the lightness prop is set to dark","location":null,"status":"passed","title":"should display the correct class if the lightness prop is set to dark"},{"ancestorTitles":["SprkSpinner:"],"failureMessages":[],"fullName":"SprkSpinner: should apply any unknown props as attributes on the element","location":null,"status":"passed","title":"should apply any unknown props as attributes on the element"}],"endTime":1583772696803,"message":"","name":"/Users/bwise/code/spark-design-system/react/src/components/spinners/SprkSpinner.test.js","startTime":1583772696017,"status":"passed","summary":""},{"assertionResults":[{"ancestorTitles":["SprkDatePickerInput:"],"failureMessages":[],"fullName":"SprkDatePickerInput: should render an element with the correct class","location":null,"status":"passed","title":"should render an element with the correct class"},{"ancestorTitles":["SprkDatePickerInput:"],"failureMessages":[],"fullName":"SprkDatePickerInput: should add classes when additionalClasses has a value","location":null,"status":"passed","title":"should add classes when additionalClasses has a value"},{"ancestorTitles":["SprkDatePickerInput:"],"failureMessages":[],"fullName":"SprkDatePickerInput: should assign data-analytics when analyticsString has a value","location":null,"status":"passed","title":"should assign data-analytics when analyticsString has a value"},{"ancestorTitles":["SprkDatePickerInput:"],"failureMessages":[],"fullName":"SprkDatePickerInput: should assign data-id when idString has a value","location":null,"status":"passed","title":"should assign data-id when idString has a value"},{"ancestorTitles":["SprkDatePickerInput:"],"failureMessages":[],"fullName":"SprkDatePickerInput: format function should format the date to 2 day month and year by default","location":null,"status":"passed","title":"format function should format the date to 2 day month and year by default"}],"endTime":1583772696838,"message":"","name":"/Users/bwise/code/spark-design-system/react/src/base/inputs/SprkDatePickerInput/SprkDatePickerInput.test.js","startTime":1583772695609,"status":"passed","summary":""},{"assertionResults":[{"ancestorTitles":["SprkInputIconCheck:"],"failureMessages":[],"fullName":"SprkInputIconCheck: should render base class","location":null,"status":"passed","title":"should render base class"},{"ancestorTitles":["SprkInputIconCheck:"],"failureMessages":[],"fullName":"SprkInputIconCheck: should render as narrow","location":null,"status":"passed","title":"should render as narrow"},{"ancestorTitles":["SprkInputIconCheck:"],"failureMessages":[],"fullName":"SprkInputIconCheck: should render with icon right class","location":null,"status":"passed","title":"should render with icon right class"}],"endTime":1583772696906,"message":"","name":"/Users/bwise/code/spark-design-system/react/src/base/inputs/components/SprkInputIconCheck/SprkInputIconCheck.test.js","startTime":1583772696153,"status":"passed","summary":""},{"assertionResults":[{"ancestorTitles":["SprkMastheadMenuIcon:"],"failureMessages":[],"fullName":"SprkMastheadMenuIcon: should display an svg element with the correct base class","location":null,"status":"passed","title":"should display an svg element with the correct base class"}],"endTime":1583772697271,"message":"","name":"/Users/bwise/code/spark-design-system/react/src/components/masthead/components/SprkMastheadMenuIcon/SprkMastheadMenuIcon.test.js","startTime":1583772696534,"status":"passed","summary":""},{"assertionResults":[{"ancestorTitles":["SprkDivider:"],"failureMessages":[],"fullName":"SprkDivider: should render span with correct base class when element is span","location":null,"status":"passed","title":"should render span with correct base class when element is span"},{"ancestorTitles":["SprkDivider:"],"failureMessages":[],"fullName":"SprkDivider: should render hr with correct base class when element is hr","location":null,"status":"passed","title":"should render hr with correct base class when element is hr"}],"endTime":1583772697279,"message":"","name":"/Users/bwise/code/spark-design-system/react/src/components/dividers/SprkDivider.test.js","startTime":1583772696514,"status":"passed","summary":""},{"assertionResults":[{"ancestorTitles":["SprkListItem:"],"failureMessages":[],"fullName":"SprkListItem: should display a li element","location":null,"status":"passed","title":"should display a li element"},{"ancestorTitles":["SprkListItem:"],"failureMessages":[],"fullName":"SprkListItem: should add classes to li element if additionalClasses has a value","location":null,"status":"passed","title":"should add classes to li element if additionalClasses has a value"},{"ancestorTitles":["SprkListItem:"],"failureMessages":[],"fullName":"SprkListItem: should add data-id to li element if idString has a value","location":null,"status":"passed","title":"should add data-id to li element if idString has a value"}],"endTime":1583772697324,"message":"","name":"/Users/bwise/code/spark-design-system/react/src/base/lists/SprkListItem.test.js","startTime":1583772696455,"status":"passed","summary":""},{"assertionResults":[{"ancestorTitles":["SprkStepperSlider:"],"failureMessages":[],"fullName":"SprkStepperSlider: should display a slider element with the correct base class","location":null,"status":"passed","title":"should display a slider element with the correct base class"}],"endTime":1583772697367,"message":"","name":"/Users/bwise/code/spark-design-system/react/src/components/stepper/components/SprkStepperSlider/SprkStepperSlider.test.js","startTime":1583772696636,"status":"passed","summary":""},{"assertionResults":[{"ancestorTitles":["ModalFooter:"],"failureMessages":[],"fullName":"ModalFooter: should load the component","location":null,"status":"passed","title":"should load the component"}],"endTime":1583772697480,"message":"","name":"/Users/bwise/code/spark-design-system/react/src/components/modals/ModalFooter.test.js","startTime":1583772696849,"status":"passed","summary":""},{"assertionResults":[{"ancestorTitles":["SprkStackItem:"],"failureMessages":[],"fullName":"SprkStackItem: should display a div element with the correct base class","location":null,"status":"passed","title":"should display a div element with the correct base class"}],"endTime":1583772697501,"message":"","name":"/Users/bwise/code/spark-design-system/react/src/objects/stack/components/SprkStackItem/SprkStackItem.test.js","startTime":1583772696814,"status":"passed","summary":""},{"assertionResults":[{"ancestorTitles":["CloseButton:"],"failureMessages":[],"fullName":"CloseButton: should load the component","location":null,"status":"passed","title":"should load the component"}],"endTime":1583772697510,"message":"","name":"/Users/bwise/code/spark-design-system/react/src/components/modals/CloseButton.test.js","startTime":1583772696925,"status":"passed","summary":""},{"assertionResults":[{"ancestorTitles":["Mask:"],"failureMessages":[],"fullName":"Mask: should load the component","location":null,"status":"passed","title":"should load the component"}],"endTime":1583772697680,"message":"","name":"/Users/bwise/code/spark-design-system/react/src/components/modals/Mask.test.js","startTime":1583772697281,"status":"passed","summary":""}],"wasInterrupted":false}